{
  "stats": {
    "suites": 1,
    "tests": 3,
    "passes": 3,
    "pending": 0,
    "failures": 0,
    "start": "2023-03-10T00:42:54.271Z",
    "end": "2023-03-10T00:43:16.819Z",
    "duration": 22548,
    "testsRegistered": 3,
    "passPercent": 100,
    "pendingPercent": 0,
    "other": 0,
    "hasOther": false,
    "skipped": 0,
    "hasSkipped": false
  },
  "results": [
    {
      "uuid": "94ebc942-74b7-46ca-a501-a965a50b7f66",
      "title": "",
      "fullFile": "cypress\\e2e\\3-LOGIN\\telaLogin.cy.js",
      "file": "cypress\\e2e\\3-LOGIN\\telaLogin.cy.js",
      "beforeHooks": [],
      "afterHooks": [],
      "tests": [],
      "suites": [
        {
          "uuid": "3114ac48-18ee-44cc-8b3a-4a045ba21ee2",
          "title": "Login e registro de usuarios",
          "fullFile": "",
          "file": "",
          "beforeHooks": [],
          "afterHooks": [],
          "tests": [
            {
              "title": "Verifica mensagens de validação",
              "fullTitle": "Login e registro de usuarios Verifica mensagens de validação",
              "timedOut": null,
              "duration": 8100,
              "state": "passed",
              "speed": "medium",
              "pass": true,
              "fail": false,
              "pending": false,
              "context": null,
              "code": "cy.contains('a', 'Register').click();\ncy.contains('input', 'Register Now').click();\ncy.contains('Invalid email id.').should('be.visible');\ncy.contains('Name should contain alphabets or numbers.').should('be.visible');\ncy.contains('Password should be of minimum length 6.').should('be.visible');",
              "err": {},
              "uuid": "9bb39d5d-82ba-4468-b3f5-d954cf53e2cc",
              "parentUUID": "3114ac48-18ee-44cc-8b3a-4a045ba21ee2",
              "isHook": false,
              "skipped": false
            },
            {
              "title": "Verifica mensagens de email inválido",
              "fullTitle": "Login e registro de usuarios Verifica mensagens de email inválido",
              "timedOut": null,
              "duration": 5610,
              "state": "passed",
              "speed": "medium",
              "pass": true,
              "fail": false,
              "pending": false,
              "context": null,
              "code": "cy.contains('a', 'Register').click();\ncy.contains('input', 'Register Now').click();\ncy.get('#name').type('Marlon Jerold');",
              "err": {},
              "uuid": "9a33f958-8f72-4931-8038-9d04d90ffba4",
              "parentUUID": "3114ac48-18ee-44cc-8b3a-4a045ba21ee2",
              "isHook": false,
              "skipped": false
            },
            {
              "title": "Fazer cadastro de usuario",
              "fullTitle": "Login e registro de usuarios Fazer cadastro de usuario",
              "timedOut": null,
              "duration": 6777,
              "state": "passed",
              "speed": "medium",
              "pass": true,
              "fail": false,
              "pending": false,
              "context": null,
              "code": "cy.contains('a', 'Register').click();\ncy.login('marlon jerold', 'jeroldmarlon12@gmail.com', '12345678');",
              "err": {},
              "uuid": "f508a979-aedf-4ac4-97c0-f4b54270aaaa",
              "parentUUID": "3114ac48-18ee-44cc-8b3a-4a045ba21ee2",
              "isHook": false,
              "skipped": false
            }
          ],
          "suites": [],
          "passes": [
            "9bb39d5d-82ba-4468-b3f5-d954cf53e2cc",
            "9a33f958-8f72-4931-8038-9d04d90ffba4",
            "f508a979-aedf-4ac4-97c0-f4b54270aaaa"
          ],
          "failures": [],
          "pending": [],
          "skipped": [],
          "duration": 20487,
          "root": false,
          "rootEmpty": false,
          "_timeout": 2000
        }
      ],
      "passes": [],
      "failures": [],
      "pending": [],
      "skipped": [],
      "duration": 0,
      "root": true,
      "rootEmpty": true,
      "_timeout": 2000
    }
  ],
  "meta": {
    "mocha": {
      "version": "7.0.1"
    },
    "mochawesome": {
      "options": {
        "quiet": false,
        "reportFilename": "mochawesome",
        "saveHtml": true,
        "saveJson": true,
        "consoleReporter": "spec",
        "useInlineDiffs": false,
        "code": true
      },
      "version": "7.1.3"
    },
    "marge": {
      "options": null,
      "version": "6.2.0"
    }
  }
}